<?xml version="1.0" encoding="UTF-8"?>
<testng-results ignored="0" total="1" passed="1" failed="0" skipped="0">
  <reporter-output>
  </reporter-output>
  <suite started-at="2023-01-04T02:46:12 ART" name="Default suite" finished-at="2023-01-04T02:46:18 ART" duration-ms="5899">
    <groups>
    </groups>
    <test started-at="2023-01-04T02:46:12 ART" name="Default test" finished-at="2023-01-04T02:46:18 ART" duration-ms="5899">
      <class name="login.LoginTest">
        <test-method is-config="true" signature="setUp()[pri:0, instance:login.LoginTest@36902638]" started-at="2023-01-04T02:46:12 ART" name="setUp" finished-at="2023-01-04T02:46:17 ART" duration-ms="4960" status="PASS">
          <reporter-output>
          </reporter-output>
        </test-method> <!-- setUp -->
        <test-method signature="testSuccessfulLogin()[pri:0, instance:login.LoginTest@36902638]" started-at="2023-01-04T02:46:17 ART" name="testSuccessfulLogin" finished-at="2023-01-04T02:46:18 ART" duration-ms="703" status="PASS">
          <reporter-output>
          </reporter-output>
        </test-method> <!-- testSuccessfulLogin -->
        <test-method is-config="true" signature="tearDown()[pri:0, instance:login.LoginTest@36902638]" started-at="2023-01-04T02:46:18 ART" name="tearDown" finished-at="2023-01-04T02:46:18 ART" duration-ms="177" status="PASS">
          <reporter-output>
          </reporter-output>
        </test-method> <!-- tearDown -->
      </class> <!-- login.LoginTest -->
    </test> <!-- Default test -->
  </suite> <!-- Default suite -->
</testng-results>
