<?xml version="1.0" encoding="UTF-8"?>
<testng-results ignored="0" total="1" passed="1" failed="0" skipped="0">
  <reporter-output>
  </reporter-output>
  <suite started-at="2023-01-04T02:26:56 ART" name="Default suite" finished-at="2023-01-04T02:27:01 ART" duration-ms="4818">
    <groups>
    </groups>
    <test started-at="2023-01-04T02:26:56 ART" name="Default test" finished-at="2023-01-04T02:27:01 ART" duration-ms="4818">
      <class name="login.LoginTest">
        <test-method is-config="true" signature="setUp()[pri:0, instance:login.LoginTest@49ec71f8]" started-at="2023-01-04T02:26:56 ART" name="setUp" finished-at="2023-01-04T02:27:00 ART" duration-ms="4254" status="PASS">
          <reporter-output>
          </reporter-output>
        </test-method> <!-- setUp -->
        <test-method signature="testSuccessfulLogin()[pri:0, instance:login.LoginTest@49ec71f8]" started-at="2023-01-04T02:27:00 ART" name="testSuccessfulLogin" finished-at="2023-01-04T02:27:01 ART" duration-ms="496" status="PASS">
          <reporter-output>
          </reporter-output>
        </test-method> <!-- testSuccessfulLogin -->
      </class> <!-- login.LoginTest -->
    </test> <!-- Default test -->
  </suite> <!-- Default suite -->
</testng-results>
